C:\Program Files\Microsoft Visual Studio\2022\Community\MSBuild\Microsoft\VC\v170\Microsoft.CppBuild.targets(531,5): warning MSB8028: The intermediate directory (x64\Debug\) contains files shared from another project (Pokemon.vcxproj).  This can lead to incorrect clean and rebuild behavior.
  Main.cpp
  Player.cpp
D:\C++_project\Pokemon\Pokemon\Player.hpp(7,13): error C3646: 'chosenPokemon': unknown override specifier
  (compiling source file 'Player.cpp')
  
D:\C++_project\Pokemon\Pokemon\Player.hpp(7,5): error C4430: missing type specifier - int assumed. Note: C++ does not support default-int
  (compiling source file 'Player.cpp')
  
D:\C++_project\Pokemon\Pokemon\Player.hpp(10,27): error C2061: syntax error: identifier 'Pokemon'
  (compiling source file 'Player.cpp')
  
D:\C++_project\Pokemon\Pokemon\Player.cpp(11,5): error C2065: 'chosenPokemon': undeclared identifier
D:\C++_project\Pokemon\Pokemon\Player.cpp(11,21): error C3861: 'Pokemon': identifier not found
D:\C++_project\Pokemon\Pokemon\Player.cpp(14,31): error C2061: syntax error: identifier 'Pokemon'
D:\C++_project\Pokemon\Pokemon\Player.cpp(16,5): error C2065: 'chosenPokemon': undeclared identifier
D:\C++_project\Pokemon\Pokemon\Player.cpp(16,21): error C2065: 'p_chosenPokemon': undeclared identifier
D:\C++_project\Pokemon\Pokemon\Player.cpp(25,42): error C2065: 'chosenPokemon': undeclared identifier
D:\C++_project\Pokemon\Pokemon\Player.cpp(25,58): error C3861: 'Pokemon': identifier not found
D:\C++_project\Pokemon\Pokemon\Player.cpp(29,42): error C2065: 'chosenPokemon': undeclared identifier
D:\C++_project\Pokemon\Pokemon\Player.cpp(29,58): error C3861: 'Pokemon': identifier not found
D:\C++_project\Pokemon\Pokemon\Player.cpp(33,42): error C2065: 'chosenPokemon': undeclared identifier
D:\C++_project\Pokemon\Pokemon\Player.cpp(33,58): error C3861: 'Pokemon': identifier not found
D:\C++_project\Pokemon\Pokemon\Player.cpp(39,9): error C2065: 'chosenPokemon': undeclared identifier
D:\C++_project\Pokemon\Pokemon\Player.cpp(39,25): error C3861: 'Pokemon': identifier not found
D:\C++_project\Pokemon\Pokemon\Player.cpp(42,47): error C2065: 'chosenPokemon': undeclared identifier
  Generating Code...
